\BOOKMARK [0][-]{section*.2}{\376\377\000A\000b\000s\000t\000r\000a\000c\000t}{}% 1
\BOOKMARK [0][-]{section*.2}{\376\377\000A\000c\000k\000n\000o\000w\000l\000e\000d\000g\000e\000m\000e\000n\000t\000s}{}% 2
\BOOKMARK [0][-]{chapter*.5}{\376\377\000D\000e\000c\000l\000a\000r\000a\000t\000i\000o\000n\000\040\000o\000f\000\040\000A\000u\000t\000h\000o\000r\000s\000h\000i\000p}{}% 3
\BOOKMARK [0][-]{chapter*.6}{\376\377\000P\000r\000e\000f\000a\000c\000e\000\040\000-\000\040\000I\000n\000t\000r\000o\000d\000u\000c\000t\000i\000o\000n}{}% 4
\BOOKMARK [1][-]{section.7}{\376\377\000T\000h\000i\000s\000\040\000d\000i\000s\000s\000e\000r\000t\000a\000t\000i\000o\000n\000'\000s\000\040\000e\000v\000o\000l\000u\000t\000i\000o\000n}{chapter*.6}% 5
\BOOKMARK [1][-]{section.9}{\376\377\000T\000h\000e\000\040\000i\000m\000p\000o\000r\000t\000a\000n\000c\000e\000\040\000o\000f\000\040\000a\000c\000c\000e\000s\000s\000i\000b\000i\000l\000i\000t\000y\000;\000\040\000a\000n\000d\000\040\000c\000o\000n\000c\000e\000p\000t\000u\000a\000l\000\040\000i\000s\000s\000u\000e\000s\000\040\000i\000n\000t\000e\000r\000p\000r\000e\000t\000i\000n\000g\000\040\000`\000u\000n\000c\000o\000n\000s\000t\000r\000a\000i\000n\000e\000d\000'\000\040\000a\000c\000c\000e\000s\000s}{chapter*.6}% 6
\BOOKMARK [1][-]{section.10}{\376\377\000A\000i\000m\000s}{chapter*.6}% 7
\BOOKMARK [1][-]{section.11}{\376\377\000A\000\040\000p\000r\000a\000c\000t\000i\000c\000a\000l\000\040\000c\000a\000s\000e\000\040\000s\000t\000u\000d\000y\000:\000\040\000T\000o\000r\000o\000n\000t\000o\000\040\000a\000n\000d\000\040\000p\000u\000b\000l\000i\000c\000a\000l\000l\000y\000\040\000o\000w\000n\000e\000d\000\040\000a\000n\000d\000\040\000o\000p\000e\000r\000t\000a\000t\000e\000d\000\040\000g\000r\000e\000e\000n\000\040\000s\000p\000a\000c\000e}{chapter*.6}% 8
\BOOKMARK [1][-]{section.12}{\376\377\000O\000v\000e\000r\000v\000i\000e\000w\000\040\000o\000f\000\040\000m\000e\000t\000h\000o\000d\000s}{chapter*.6}% 9
\BOOKMARK [2][-]{subsection.13}{\376\377\000A\000c\000c\000e\000s\000s\000i\000b\000i\000l\000i\000t\000y\000\040\000m\000e\000t\000r\000i\000c\000s}{section.12}% 10
\BOOKMARK [2][-]{subsection.14}{\376\377\000D\000a\000t\000a\000\040\000s\000o\000u\000r\000c\000e\000s\000\040\000a\000n\000d\000\040\000t\000r\000a\000v\000e\000l\000\040\000t\000i\000m\000e\000\040\000e\000s\000t\000i\000m\000a\000t\000e\000s}{section.12}% 11
\BOOKMARK [1][-]{section.19}{\376\377\000C\000h\000a\000p\000t\000e\000r\000s\000\040\000o\000u\000t\000l\000i\000n\000e}{chapter*.6}% 12
\BOOKMARK [0][-]{chapter.20}{\376\377\000C\000H\000P\000\040\0001\000\040\000-\000\040\000A\000\040\000c\000o\000m\000m\000o\000n\000\040\000h\000i\000s\000t\000o\000r\000y\000\040\000b\000e\000t\000w\000e\000e\000n\000\040\000a\000c\000c\000e\000s\000s\000i\000b\000i\000l\000i\000t\000y\000\040\000a\000n\000d\000\040\000s\000p\000a\000t\000i\000a\000l\000\040\000i\000n\000t\000e\000r\000a\000c\000t\000i\000o\000n\000\040\000p\000r\000i\000n\000c\000i\000p\000l\000e\000s}{}% 13
\BOOKMARK [1][-]{section.21}{\376\377\000C\000h\000a\000p\000t\000e\000r\000\040\000o\000v\000e\000r\000v\000i\000e\000w}{chapter.20}% 14
\BOOKMARK [1][-]{section.22}{\376\377\000I\000n\000t\000r\000o\000d\000u\000c\000t\000i\000o\000n}{chapter.20}% 15
\BOOKMARK [1][-]{section.23}{\376\377\000N\000e\000w\000t\000o\000n\000i\000a\000n\000'\000s\000\040\000r\000o\000o\000t\000s\000\040\000o\000f\000\040\000h\000u\000m\000a\000n\000\040\000s\000p\000a\000t\000i\000a\000l\000\040\000i\000n\000t\000e\000r\000a\000c\000t\000i\000o\000n\000\040\000r\000e\000s\000e\000a\000r\000c\000h}{chapter.20}% 16
\BOOKMARK [1][-]{section.26}{\376\377\000E\000a\000r\000l\000y\000\040\000r\000e\000s\000e\000a\000r\000c\000h\000\040\000o\000n\000\040\000h\000u\000m\000a\000n\000\040\000s\000p\000a\000t\000i\000a\000l\000\040\000i\000n\000t\000e\000r\000a\000c\000t\000i\000o\000n\000:\000\040\000f\000r\000o\000m\000\040\000R\000a\000v\000e\000n\000s\000t\000e\000i\000n\000\040\000\050\0001\0008\0008\0009\000\051\000\040\000t\000o\000\040\000S\000t\000e\000w\000a\000r\000t\000\040\000\050\0001\0009\0004\0008\000\051}{chapter.20}% 17
\BOOKMARK [1][-]{section.33}{\376\377\000H\000a\000n\000s\000e\000n\000'\000s\000\040\000g\000r\000a\000v\000i\000t\000y\000-\000b\000a\000s\000e\000d\000\040\000a\000c\000c\000e\000s\000s\000i\000b\000i\000l\000i\000t\000y\000\040\000t\000o\000\040\000t\000o\000d\000a\000y}{chapter.20}% 18
\BOOKMARK [1][-]{section.36}{\376\377\000W\000i\000l\000s\000o\000n\000'\000s\000\040\000f\000a\000m\000i\000l\000y\000\040\000o\000f\000\040\000s\000p\000a\000t\000i\000a\000l\000\040\000i\000n\000t\000e\000r\000a\000c\000t\000i\000o\000n\000\040\000m\000o\000d\000e\000l\000s}{chapter.20}% 19
\BOOKMARK [1][-]{section.48}{\376\377\000A\000c\000c\000e\000s\000s\000i\000b\000i\000l\000i\000t\000y\000\040\000a\000n\000d\000\040\000s\000p\000a\000t\000i\000a\000l\000\040\000i\000n\000t\000e\000r\000a\000c\000t\000i\000o\000n\000\040\000m\000o\000d\000e\000l\000l\000i\000n\000g\000:\000\040\000t\000w\000o\000\040\000d\000i\000v\000e\000r\000g\000e\000n\000t\000\040\000r\000e\000s\000e\000a\000r\000c\000h\000\040\000s\000t\000r\000e\000a\000m\000s}{chapter.20}% 20
\BOOKMARK [1][-]{section.50}{\376\377\000C\000h\000a\000p\000t\000e\000r\000\040\000c\000o\000n\000c\000l\000u\000s\000i\000o\000n}{chapter.20}% 21
\BOOKMARK [0][-]{chapter.51}{\376\377\000C\000H\000P\000\040\0002\000\040\000-\000\040\000A\000\040\000f\000a\000m\000i\000l\000y\000\040\000o\000f\000\040\000a\000c\000c\000e\000s\000s\000i\000b\000i\000l\000i\000t\000y\000\040\000m\000e\000a\000s\000u\000r\000e\000s}{}% 22
\BOOKMARK [1][-]{section.52}{\376\377\000C\000h\000a\000p\000t\000e\000r\000\040\000o\000v\000e\000r\000v\000i\000e\000w}{chapter.51}% 23
\BOOKMARK [1][-]{section.53}{\376\377\000O\000u\000t\000l\000i\000n\000e\000\040\000o\000f\000\040\000t\000h\000e\000\040\000f\000a\000m\000i\000l\000y\000\040\000o\000f\000\040\000a\000c\000c\000e\000s\000s\000i\000b\000i\000l\000i\000t\000y\000\040\000m\000e\000a\000s\000u\000r\000e\000s}{chapter.51}% 24
\BOOKMARK [2][-]{subsection.64}{\376\377\000[\000N\000E\000W\000\040\000-\000\040\000f\000r\000o\000m\000\040\000m\000u\000l\000t\000i\000m\000o\000d\000a\000l\000\040\000S\000A\000\040\000p\000a\000p\000e\000r\000]\000\040\000A\000\040\000b\000r\000i\000e\000f\000\040\000r\000e\000v\000i\000e\000w\000\040\000o\000f\000\040\000m\000u\000l\000t\000i\000m\000o\000d\000a\000l\000\040\000a\000c\000c\000e\000s\000s\000i\000b\000i\000l\000i\000t\000y\000\040\000m\000e\000a\000s\000u\000r\000e\000s}{section.53}% 25
\BOOKMARK [1][-]{section.65}{\376\377\000S\000e\000t\000u\000p\000\040\000o\000f\000\040\000t\000h\000e\000\040\000s\000i\000m\000p\000l\000e\000\040\000n\000u\000m\000e\000r\000i\000c\000\040\000e\000x\000a\000m\000p\000l\000e}{chapter.51}% 26
\BOOKMARK [1][-]{section.69}{\376\377\000U\000n\000c\000o\000n\000s\000t\000r\000a\000i\000n\000e\000d\000\040\000a\000c\000c\000e\000s\000s\000i\000b\000i\000l\000i\000t\000y}{chapter.51}% 27
\BOOKMARK [1][-]{section.76}{\376\377\000T\000o\000t\000a\000l\000\040\000c\000o\000n\000s\000t\000r\000a\000i\000n\000e\000d\000\040\000a\000c\000c\000e\000s\000s\000i\000b\000i\000l\000i\000t\000y}{chapter.51}% 28
\BOOKMARK [2][-]{subsection.77}{\376\377\000T\000o\000t\000a\000l\000\040\000c\000o\000n\000s\000t\000r\000a\000i\000n\000e\000d\000\040\000a\000c\000c\000e\000s\000s\000i\000b\000l\000e\000\040\000o\000p\000p\000o\000r\000t\000u\000n\000i\000t\000i\000e\000s\000:\000\040\000H\000a\000n\000s\000e\000n\000'\000s\000\040\000a\000c\000c\000e\000s\000s\000i\000b\000i\000l\000i\000t\000y\000\040\000w\000i\000t\000h\000\040\000a\000\040\000t\000o\000t\000a\000l\000\040\000c\000o\000n\000s\000t\000r\000a\000i\000n\000t}{section.76}% 29
\BOOKMARK [2][-]{subsection.83}{\376\377\000T\000o\000t\000a\000l\000\040\000c\000o\000n\000s\000t\000r\000a\000i\000n\000e\000d\000\040\000a\000c\000c\000e\000s\000s\000i\000b\000l\000e\000\040\000p\000o\000p\000u\000l\000a\000t\000i\000o\000n\000:\000\040\000R\000e\000i\000l\000l\000y\000'\000s\000\040\000p\000o\000t\000e\000n\000t\000i\000a\000l\000\040\000t\000r\000a\000d\000e\000\040\000t\000e\000r\000r\000i\000t\000o\000r\000i\000e\000s\000\040\000w\000i\000t\000h\000\040\000a\000\040\000t\000o\000t\000a\000l\000\040\000c\000o\000n\000s\000t\000r\000a\000i\000n\000t}{section.76}% 30
\BOOKMARK [2][-]{subsection.88}{\376\377\000[\000N\000E\000W\000]\000\040\000M\000u\000l\000t\000i\000m\000o\000d\000a\000l\000\040\000e\000x\000t\000e\000n\000s\000i\000o\000n\000\040\000o\000f\000\040\000t\000o\000t\000a\000l\000\040\000c\000o\000n\000s\000t\000r\000a\000i\000n\000e\000d\000\040\000a\000c\000c\000e\000s\000s\000i\000b\000l\000e\000\040\000o\000p\000p\000o\000r\000t\000u\000n\000i\000t\000i\000e\000s\000\040\000a\000n\000d\000\040\000p\000o\000p\000u\000l\000a\000t\000i\000o\000n}{section.76}% 31
\BOOKMARK [1][-]{section.93}{\376\377\000S\000i\000n\000g\000l\000y\000\040\000c\000o\000n\000s\000t\000r\000a\000i\000n\000e\000d\000\040\000a\000c\000c\000e\000s\000s\000i\000b\000i\000l\000i\000t\000y}{chapter.51}% 32
\BOOKMARK [2][-]{subsection.94}{\376\377\000S\000i\000n\000g\000l\000y\000\040\000c\000o\000n\000s\000t\000r\000a\000i\000n\000e\000d\000\040\000a\000c\000c\000e\000s\000s\000i\000b\000l\000e\000\040\000o\000p\000p\000o\000r\000t\000u\000n\000i\000t\000i\000e\000s\000:\000\040\000s\000p\000a\000t\000i\000a\000l\000\040\000a\000v\000a\000i\000l\000a\000b\000i\000l\000i\000t\000y}{section.93}% 33
\BOOKMARK [2][-]{subsection.104}{\376\377\000[\000N\000E\000W\000\040\000E\000X\000A\000M\000P\000L\000E\000\040\000S\000O\000L\000V\000E\000D\000]\000\040\000S\000i\000n\000g\000l\000y\000\040\000c\000o\000n\000s\000t\000r\000a\000i\000n\000e\000d\000\040\000a\000c\000c\000e\000s\000s\000i\000b\000l\000e\000\040\000p\000o\000p\000u\000l\000a\000t\000i\000o\000n\000:\000\040\000m\000a\000r\000k\000e\000t\000\040\000a\000v\000a\000i\000l\000a\000b\000i\000l\000i\000t\000y}{section.93}% 34
\BOOKMARK [2][-]{subsection.111}{\376\377\000[\000N\000E\000W\000]\000\040\000M\000u\000l\000t\000i\000m\000o\000d\000a\000l\000\040\000e\000x\000t\000e\000n\000s\000i\000o\000n\000\040\000o\000f\000\040\000s\000p\000a\000t\000i\000a\000l\000\040\000a\000v\000a\000i\000l\000a\000b\000i\000l\000i\000t\000y\000\040\000a\000n\000d\000\040\000m\000a\000r\000k\000e\000t\000\040\000a\000v\000a\000i\000l\000a\000b\000i\000l\000i\000t\000y}{section.93}% 35
\BOOKMARK [1][-]{section.117}{\376\377\000D\000o\000u\000b\000l\000y\000\040\000c\000o\000n\000s\000t\000r\000a\000i\000n\000e\000d\000\040\000a\000c\000c\000e\000s\000s\000i\000b\000i\000l\000i\000t\000y}{chapter.51}% 36
\BOOKMARK [1][-]{section.124}{\376\377\000C\000h\000a\000p\000t\000e\000r\000\040\000c\000o\000n\000c\000l\000u\000s\000i\000o\000n\000s}{chapter.51}% 37
\BOOKMARK [0][-]{chapter.125}{\376\377\000C\000H\000P\000\040\0003\000\040\000-\000\040\000D\000e\000s\000c\000r\000i\000b\000i\000n\000g\000\040\000t\000h\000e\000\040\000d\000a\000t\000a\000\040\000a\000n\000d\000\040\000m\000e\000t\000h\000o\000d\000s\000:\000\040\000a\000n\000\040\000e\000m\000p\000i\000r\000i\000c\000a\000l\000\040\000c\000a\000s\000e\000\040\000s\000t\000u\000d\000y\000\040\000o\000f\000\040\000T\000o\000r\000o\000n\000t\000o\000'\000s\000\040\000p\000o\000p\000u\000l\000a\000t\000i\000o\000n\000\040\000a\000n\000d\000\040\000p\000a\000r\000k\000l\000a\000n\000d\000s}{}% 38
\BOOKMARK [1][-]{section.126}{\376\377\000I\000n\000t\000r\000o\000d\000u\000c\000t\000i\000o\000n}{chapter.125}% 39
\BOOKMARK [1][-]{section.127}{\376\377\000D\000a\000t\000a}{chapter.125}% 40
\BOOKMARK [2][-]{subsection.128}{\376\377\000O\000r\000i\000g\000i\000n\000s\000:\000\040\000t\000h\000e\000\040\000d\000i\000s\000s\000e\000m\000i\000n\000a\000t\000i\000o\000n\000\040\000b\000l\000o\000c\000k\000\040\000a\000n\000d\000\040\000a\000s\000s\000o\000c\000i\000a\000t\000e\000d\000\040\000c\000e\000n\000s\000u\000s\000\040\000d\000a\000t\000a}{section.127}% 41
\BOOKMARK [2][-]{subsection.132}{\376\377\000T\000o\000r\000o\000n\000t\000o\000\040\000p\000a\000r\000k\000l\000a\000n\000d\000\040\000d\000e\000s\000t\000i\000n\000a\000t\000i\000o\000n\000s\000\040\000a\000n\000d\000\040\000n\000o\000r\000m\000a\000t\000i\000v\000e\000\040\000t\000r\000a\000v\000e\000l\000\040\000b\000e\000h\000a\000v\000i\000o\000u\000r}{section.127}% 42
\BOOKMARK [2][-]{subsection.135}{\376\377\000M\000u\000l\000t\000i\000m\000o\000d\000a\000l\000\040\000o\000r\000i\000g\000i\000n\000\040\000t\000o\000\040\000d\000e\000s\000t\000i\000n\000a\000t\000i\000o\000n\000\040\000r\000o\000u\000t\000i\000n\000g\000\040\000a\000n\000d\000\040\000t\000r\000i\000p\000\040\000l\000e\000n\000g\000t\000h\000s}{section.127}% 43
\BOOKMARK [1][-]{section.141}{\376\377\000M\000e\000t\000h\000o\000d\000s\000:\000\040\000c\000o\000n\000s\000t\000r\000a\000i\000n\000t\000e\000d\000\040\000a\000n\000d\000\040\000u\000n\000c\000o\000n\000s\000t\000r\000a\000i\000n\000e\000d\000\040\000a\000c\000c\000e\000s\000s\000i\000b\000i\000l\000i\000t\000y\000\040\000m\000e\000a\000s\000u\000r\000e\000s}{chapter.125}% 44
\BOOKMARK [2][-]{subsection.142}{\376\377\000M\000e\000t\000h\000o\000d\000s\000\040\000f\000o\000r\000\040\000C\000h\000a\000p\000t\000e\000r\000\040\0004\000:\000\040\000u\000n\000i\000m\000o\000d\000a\000l\000\040\000a\000c\000c\000e\000s\000s\000i\000b\000i\000l\000i\000t\000y}{section.141}% 45
\BOOKMARK [2][-]{subsection.156}{\376\377\000M\000e\000t\000h\000o\000d\000s\000\040\000f\000o\000r\000\040\000C\000h\000a\000p\000t\000e\000r\000\040\0005\000:\000\040\000M\000u\000l\000t\000i\000m\000o\000d\000a\000l\000\040\000a\000c\000c\000e\000s\000s\000i\000b\000i\000l\000i\000t\000y}{section.141}% 46
\BOOKMARK [2][-]{subsection.170}{\376\377\000F\000o\000r\000\040\000b\000o\000t\000h\000\040\000C\000h\000a\000p\000t\000e\000r\000\040\0004\000\040\000a\000n\000d\000\040\0005\000:\000\040\000R\000e\000p\000r\000e\000s\000e\000n\000t\000i\000n\000g\000\040\000c\000o\000n\000s\000t\000r\000a\000i\000n\000e\000d\000\040\000a\000c\000c\000e\000s\000s\000i\000b\000i\000l\000i\000t\000y\000\040\000a\000s\000\040\000a\000\040\000r\000a\000t\000i\000o\000s}{section.141}% 47
\BOOKMARK [1][-]{section.175}{\376\377\000C\000h\000a\000p\000t\000e\000r\000\040\000c\000o\000n\000c\000l\000u\000s\000i\000o\000n\000s}{chapter.125}% 48
\BOOKMARK [0][-]{chapter.176}{\376\377\000C\000H\000P\000\040\0004\000\040\000-\000\040\000C\000o\000m\000p\000a\000r\000i\000n\000g\000\040\000t\000o\000t\000a\000l\000-\000,\000\040\000s\000i\000n\000g\000l\000y\000\040\000a\000n\000d\000\040\000u\000n\000c\000o\000n\000s\000t\000r\000a\000i\000n\000e\000d\000\040\000s\000p\000a\000t\000i\000a\000l\000\040\000a\000c\000c\000e\000s\000s\000\040\000t\000o\000\040\000T\000o\000r\000o\000n\000t\000o\000'\000s\000\040\000p\000a\000r\000k\000l\000a\000n\000d\000s}{}% 49
\BOOKMARK [1][-]{section.177}{\376\377\000R\000e\000s\000u\000l\000t\000s}{chapter.176}% 50
\BOOKMARK [2][-]{subsection.178}{\376\377\000P\000o\000t\000e\000n\000t\000i\000a\000l\000\040\000a\000c\000c\000e\000s\000s\000\040\000t\000o\000\040\000p\000a\000r\000k\000s}{section.177}% 51
\BOOKMARK [2][-]{subsection.179}{\376\377\000P\000o\000t\000e\000n\000t\000i\000a\000l\000\040\000a\000c\000c\000e\000s\000s\000\040\000t\000o\000\040\000p\000e\000o\000p\000u\000l\000a\000t\000i\000o\000n}{section.177}% 52
\BOOKMARK [0][-]{chapter.180}{\376\377\000C\000H\000P\000\040\0005\000\040\000-\000\040\000C\000o\000m\000p\000a\000r\000i\000n\000g\000\040\000m\000u\000l\000t\000i\000m\000o\000d\000a\000l\000\040\000t\000o\000t\000a\000l\000-\000,\000\040\000s\000i\000n\000g\000l\000y\000\040\000a\000n\000d\000\040\000u\000n\000c\000o\000n\000s\000t\000r\000a\000i\000n\000e\000d\000\040\000s\000p\000a\000t\000i\000a\000l\000\040\000a\000c\000c\000e\000s\000s\000\040\000t\000o\000\040\000T\000o\000r\000o\000n\000t\000o\000'\000s\000\040\000p\000a\000r\000k\000l\000a\000n\000d\000s}{}% 53
\BOOKMARK [0][-]{chapter*.181}{\376\377\000C\000o\000n\000c\000l\000u\000s\000i\000o\000n}{}% 54
\BOOKMARK [0][-]{chapter*.182}{\376\377\000R\000e\000f\000e\000r\000e\000n\000c\000e\000s}{}% 55
